[2016-04-06 18:29:41] START
[2016-04-06 18:30:26] CREATE db1.py: 0
[2016-04-06 18:47:47] EDIT Contact/models/db1.py: 15
[2016-04-06 18:50:47] EDIT Contact/models/db1.py: 0
[2016-04-06 18:53:16] EDIT Contact/controllers/default.py: -7
[2016-04-06 18:59:29] EDIT Contact/controllers/default.py: 9
[2016-04-06 18:59:45] EDIT Contact/controllers/default.py: 0
[2016-04-06 18:59:47] EDIT Contact/controllers/default.py: 0
[2016-04-06 19:00:28] EDIT Contact/controllers/default.py: 0
[2016-04-06 19:00:29] EDIT Contact/controllers/default.py: 0
[2016-04-06 19:00:30] EDIT Contact/controllers/default.py: 0
[2016-04-06 19:00:30] EDIT Contact/controllers/default.py: 0
[2016-04-06 19:00:30] EDIT Contact/controllers/default.py: 0
[2016-04-06 19:00:31] EDIT Contact/controllers/default.py: 0
[2016-04-06 19:00:31] EDIT Contact/controllers/default.py: 0
[2016-04-06 19:00:32] EDIT Contact/controllers/default.py: 0
[2016-04-06 19:00:50] EDIT Contact/controllers/default.py: 0
[2016-04-06 19:00:51] EDIT Contact/controllers/default.py: 0
[2016-04-06 19:01:04] EDIT Contact/controllers/default.py: -1
[2016-04-06 19:03:15] EDIT Contact/controllers/default.py: 4
[2016-04-06 19:06:34] EDIT Contact/controllers/default.py: 5
[2016-04-06 19:09:19] EDIT Contact/controllers/default.py: 5
[2016-04-06 19:12:37] EDIT Contact/controllers/default.py: 5
[2016-04-06 19:20:32] EDIT Contact/controllers/default.py: 13
[2016-04-06 19:20:58] EDIT Contact/controllers/default.py: 0
[2016-04-06 19:54:47] EDIT Contact/models/menu.py: -102
[2016-04-06 19:57:06] EDIT Contact/models/menu.py: 0
[2016-04-06 19:57:36] CREATE default/companies.html: 0
[2016-04-06 19:57:50] EDIT Contact/views/default/companies.html: 12
[2016-04-06 20:00:22] CREATE default/contacts.html: 0
[2016-04-06 20:00:37] EDIT Contact/views/default/contacts.html: 13
[2016-04-06 20:01:52] CREATE default/company_create.html: 0
[2016-04-06 20:02:05] EDIT Contact/views/default/company_create.html: 0
[2016-04-06 20:03:07] CREATE default/contact_create.html: 0
[2016-04-06 20:03:23] EDIT Contact/views/default/contact_create.html: 0
[2016-04-06 20:04:26] CREATE default/company_edit.html: 0
[2016-04-06 20:04:38] EDIT Contact/views/default/company_edit.html: 0
[2016-04-06 20:08:18] CREATE default/contact_edit.html: 0
[2016-04-06 20:08:33] EDIT Contact/views/default/contact_edit.html: 0
[2016-04-06 20:09:52] CREATE default/contact_registers.html: 0
[2016-04-06 20:10:08] EDIT Contact/views/default/contact_registers.html: 11
[2016-04-06 20:12:02] EDIT Contact/views/default/contact_registers.html: 0
[2016-04-06 20:17:25] EDIT Contact/controllers/default.py: 0
[2016-04-06 20:18:22] EDIT Contact/controllers/default.py: 0
[2016-04-06 20:19:15] EDIT Contact/controllers/default.py: 0
[2016-04-06 20:19:23] EDIT Contact/controllers/default.py: 0
[2016-04-07 10:06:48] EDIT Contact/views/default/companies.html: 0
[2016-04-07 10:10:18] EDIT Contact/models/menu.py: 1
[2016-04-07 10:11:34] EDIT Contact/models/menu.py: 0
[2016-04-07 10:17:26] EDIT Contact/models/menu.py: 0
[2016-04-07 10:17:51] EDIT Contact/models/menu.py: 0
[2016-04-07 10:26:09] EDIT Contact/views/default/companies.html: 0
[2016-04-07 10:26:41] EDIT Contact/views/default/companies.html: 0
[2016-04-07 10:30:56] EDIT Contact/controllers/default.py: 0
[2016-04-07 10:31:48] EDIT Contact/views/default/contact_registers.html: 0
[2016-04-07 10:33:25] EDIT Contact/views/default/contact_registers.html: 0
[2016-04-07 10:36:15] EDIT Contact/views/default/contact_registers.html: 0
[2016-04-07 10:37:28] EDIT Contact/views/default/contact_edit.html: 0
[2016-04-07 10:38:06] EDIT Contact/views/default/contacts.html: 0
[2016-04-07 10:38:13] EDIT Contact/views/default/contacts.html: 0
[2016-04-07 10:38:40] EDIT Contact/views/default/contacts.html: 0
[2016-04-07 10:39:31] EDIT Contact/views/default/contacts.html: 0
[2016-04-07 11:04:23] EDIT Contact/controllers/default.py: 0
[2016-04-07 11:24:39] EDIT Contact/ABOUT: 23
[2016-04-07 11:24:55] EDIT Contact/ABOUT: 0
[2016-04-07 11:27:06] EDIT Contact/LICENSE: 0
[2016-04-07 11:43:47] EDIT Contact/views/default/index.html: -48
[2016-04-07 11:46:24] EDIT Contact/views/default/index.html: 9
[2016-04-07 11:48:33] EDIT Contact/views/default/index.html: 3
[2016-04-07 11:54:58] EDIT Contact/views/default/index.html: 3
[2016-04-07 11:58:32] EDIT Contact/views/default/index.html: 5
[2016-04-07 12:00:01] EDIT Contact/views/default/index.html: 0
[2016-04-07 12:01:19] EDIT Contact/views/default/index.html: 0
[2016-04-07 12:02:16] EDIT Contact/views/default/index.html: 0
[2016-04-07 12:03:37] EDIT Contact/models/menu.py: 1
[2016-04-07 12:07:08] EDIT Contact/views/default/index.html: 0
[2016-04-07 12:07:21] EDIT Contact/views/default/index.html: 0
[2016-04-07 12:11:19] EDIT Contact/views/layout.html: 0
[2016-04-07 12:11:47] EDIT Contact/views/layout.html: 0
[2016-04-07 12:12:31] EDIT Contact/views/layout.html: 0
[2016-04-07 12:13:12] EDIT Contact/views/layout.html: 0
[2016-04-07 12:14:03] EDIT Contact/views/layout.html: -1
[2016-04-07 12:14:25] EDIT Contact/views/layout.html: 1
[2016-04-07 12:14:37] EDIT Contact/views/layout.html: -1
